turbostat version 20.09.30 - Len Brown <lenb@kernel.org>
CPUID(0): GenuineIntel 0x16 CPUID levels; 0x80000008 xlevels; family:model:stepping 0x6:a5:2 (6:165:2)
CPUID(1): SSE3 MONITOR - EIST TM2 TSC MSR ACPI-TM HT TM
CPUID(6): APERF, TURBO, DTS, PTM, HWP, HWPnotify, HWPwindow, HWPepp, No-HWPpkg, EPB
cpu4: MSR_IA32_MISC_ENABLE: 0x00850089 (TCC EIST MWAIT PREFETCH TURBO)
CPUID(7): SGX
cpu4: MSR_IA32_FEATURE_CONTROL: 0x00020005 (Locked )
CPUID(0x15): eax_crystal: 2 ebx_tsc: 208 ecx_crystal_hz: 0
TSC: 2496 MHz (24000000 Hz * 208 / 2 / 1000000)
CPUID(0x16): base_mhz: 2500 max_mhz: 4500 bus_mhz: 100
cpu4: MSR_MISC_PWR_MGMT: 0x00401cc0 (ENable-EIST_Coordination DISable-EPB DISable-OOB)
RAPL: 5825 sec. Joule Counter Range, at 45 Watts
cpu4: MSR_PLATFORM_INFO: 0x8083bf1011900
8 * 100.0 = 800.0 MHz max efficiency frequency
25 * 100.0 = 2500.0 MHz base frequency
cpu4: MSR_IA32_POWER_CTL: 0x0024005f (C1E auto-promotion: ENabled)
cpu4: MSR_TURBO_RATIO_LIMIT: 0x2a2a2a2a2a2b2c2d
42 * 100.0 = 4200.0 MHz max turbo 8 active cores
42 * 100.0 = 4200.0 MHz max turbo 7 active cores
42 * 100.0 = 4200.0 MHz max turbo 6 active cores
42 * 100.0 = 4200.0 MHz max turbo 5 active cores
42 * 100.0 = 4200.0 MHz max turbo 4 active cores
43 * 100.0 = 4300.0 MHz max turbo 3 active cores
44 * 100.0 = 4400.0 MHz max turbo 2 active cores
45 * 100.0 = 4500.0 MHz max turbo 1 active cores
cpu4: MSR_CONFIG_TDP_NOMINAL: 0x00000019 (base_ratio=25)
cpu4: MSR_CONFIG_TDP_LEVEL_1: 0x00140118 (PKG_MIN_PWR_LVL1=0 PKG_MAX_PWR_LVL1=0 LVL1_RATIO=20 PKG_TDP_LVL1=280)
cpu4: MSR_CONFIG_TDP_LEVEL_2: 0x00000000 ()
cpu4: MSR_CONFIG_TDP_CONTROL: 0x00000000 ( lock=0)
cpu4: MSR_TURBO_ACTIVATION_RATIO: 0x00000018 (MAX_NON_TURBO_RATIO=24 lock=0)
cpu4: MSR_PKG_CST_CONFIG_CONTROL: 0x1e000008 (UNdemote-C3, UNdemote-C1, demote-C3, demote-C1, UNlocked, pkg-cstate-limit=8 (unlimited))
/dev/cpu_dma_latency: 2000000000 usec (default)
current_driver: intel_idle
current_governor: menu
current_governor_ro: menu
cpu4: POLL: CPUIDLE CORE POLL IDLE
cpu4: C1ACPI: ACPI FFH MWAIT 0x0
cpu4: C2ACPI: ACPI FFH MWAIT 0x33
cpu4: C3ACPI: ACPI FFH MWAIT 0x60
cpu4: cpufreq driver: intel_pstate
cpu4: cpufreq governor: powersave
cpufreq intel_pstate no_turbo: 0
cpu4: MSR_MISC_FEATURE_CONTROL: 0x00000000 (L2-Prefetch L2-Prefetch-pair L1-Prefetch L1-IP-Prefetch)
cpu0: MSR_PM_ENABLE: 0x00000001 (HWP)
cpu0: MSR_HWP_CAPABILITIES: 0x010b192d (high 45 guar 25 eff 11 low 1)
cpu0: MSR_HWP_REQUEST: 0xc0002d08 (min 8 max 45 des 0 epp 0xc0 window 0x0 pkg 0x0)
cpu0: MSR_HWP_INTERRUPT: 0x00000000 (Dis_Guaranteed_Perf_Change, Dis_Excursion_Min)
cpu0: MSR_HWP_STATUS: 0x00000004 (No-Guaranteed_Perf_Change, No-Excursion_Min)
cpu0: MSR_IA32_ENERGY_PERF_BIAS: 0x00000006 (balanced)
cpu0: MSR_RAPL_POWER_UNIT: 0x000a0e03 (0.125000 Watts, 0.000061 Joules, 0.000977 sec.)
cpu0: MSR_PKG_POWER_INFO: 0x00000168 (45 W TDP, RAPL 0 - 0 W, 0.000000 sec.)
cpu0: MSR_PKG_POWER_LIMIT: 0x43843800df8220 (UNlocked)
cpu0: PKG Limit #1: ENabled (68.000000 Watts, 56.000000 sec, clamp ENabled)
cpu0: PKG Limit #2: ENabled (135.000000 Watts, 0.002441* sec, clamp ENabled)
cpu0: MSR_DRAM_POWER_LIMIT: 0x5400de00000000 (UNlocked)
cpu0: DRAM Limit: DISabled (0.000000 Watts, 0.000977 sec, clamp DISabled)
cpu0: MSR_PP0_POLICY: 0
cpu0: MSR_PP0_POWER_LIMIT: 0x00000000 (UNlocked)
cpu0: Cores Limit: DISabled (0.000000 Watts, 0.000977 sec, clamp DISabled)
cpu0: MSR_PP1_POLICY: 0
cpu0: MSR_PP1_POWER_LIMIT: 0x00000000 (UNlocked)
cpu0: GFX Limit: DISabled (0.000000 Watts, 0.000977 sec, clamp DISabled)
cpu0: MSR_IA32_TEMPERATURE_TARGET: 0x00640000 (100 C)
cpu0: MSR_IA32_PACKAGE_THERM_STATUS: 0x88340808 (48 C)
cpu0: MSR_IA32_PACKAGE_THERM_INTERRUPT: 0x00000003 (100 C, 100 C)
cpu4: MSR_PKGC3_IRTL: 0x0000884e (valid, 79872 ns)
cpu4: MSR_PKGC6_IRTL: 0x00008876 (valid, 120832 ns)
cpu4: MSR_PKGC7_IRTL: 0x00008894 (valid, 151552 ns)
cpu4: MSR_PKGC8_IRTL: 0x000088fa (valid, 256000 ns)
cpu4: MSR_PKGC9_IRTL: 0x0000894c (valid, 339968 ns)
cpu4: MSR_PKGC10_IRTL: 0x00008bf2 (valid, 1034240 ns)
62.169064 sec
Core	CPU	Avg_MHz	Busy%	Bzy_MHz	TSC_MHz	     IRQ	SMI	    POLL	  C1ACPI	  C2ACPI	  C3ACPI	POLL%	C1ACPI%	C2ACPI%	C3ACPI%	CPU%c1	CPU%c3	CPU%c6	CPU%c7	CoreTmp	PkgTmp	GFX%rc6	GFXMHz	GFXAMHz	Totl%C0	Any%C0	GFX%C0	CPUGFX%	Pkg%pc2	Pkg%pc3	Pkg%pc6	Pkg%pc7	Pkg%pc8	Pkg%pc9	Pk%pc10	CPU%LPI	SYS%LPI	PkgWatt	CorWatt	GFXWatt	RAMWatt	PKG_%	RAM_%
-	-	5	0.41	1142	2498	  -24427	48	     936	    2134	    1318	    1027	0.01	0.07	0.21	3.02	2.48	0.00	0.00	97.11	46	46	5955.44	350	350	1.97	0.71	0.09	0.07	0.45	2.35	0.00	0.00	0.00	0.00	94.03	94.09	0.00	0.23	0.13	0.00	0.37	0.00	0.00
0	0	4	0.40	1121	2498	   -3207	6	     111	     235	     121	     166	0.00	0.09	0.14	3.08	2.50	0.00	0.00	97.10	43	46	5955.87	350	350	1.97	0.71	0.09	0.07	0.45	2.35	0.00	0.00	0.00	0.00	94.03	94.10	0.00	0.23	0.13	0.00	0.37	0.00	0.00
0	4	4	0.37	1184	2498	   -4410	6	     124	     223	     140	     144	0.01	0.10	0.16	3.08	2.53
1	1	4	0.38	1147	2498	   -3333	6	     111	     226	      69	     130	0.00	0.07	0.06	3.20	2.45	0.00	0.00	97.16	46
1	5	5	0.44	1128	2498	   -3315	6	     119	     180	     129	     116	0.01	0.05	0.20	3.02	2.40
2	2	5	0.46	1105	2498	    -790	6	     126	     225	     120	     138	0.01	0.06	0.18	3.02	2.48	0.00	0.00	97.07	44
2	6	5	0.41	1140	2498	   -2443	6	     115	     314	     403	      84	0.01	0.07	0.53	2.70	2.53
3	3	4	0.37	1192	2498	   -2196	6	     110	     501	     168	     119	0.01	0.10	0.19	3.06	2.52	0.00	0.00	97.11	42
3	7	5	0.43	1133	2498	   -4733	6	     120	     230	     168	     130	0.01	0.07	0.20	3.01	2.46
